<?xml version="1.0" encoding="UTF-8" ?>
<testsuites>
<testsuite name="1+2" errors="0" tests="2" failures="1" time="0" timestamp="2014-01-31T15:38:29">
  <testcase classname="1+2" name="should equal 3" time="0"></testcase>
  <testcase classname="1+2" name="should not equal 3" time="0"><failure>1: AssertionError: expected 3 to not equal 3</failure></testcase>
</testsuite>
</testsuites>